Apr 22 14:11:08: main: Command pipe created
Apr 22 14:25:33: main: Initializing Ocsipersist-dbm...
Apr 22 14:25:33: main: Launching a new Ocsidbm process: /home/adrien/.opam/4.01.0/lib/ocsigenserver/extensions/ocsidbm.opt on directory local/var/data/exercice_de_style/ocsipersist.
Apr 22 14:25:34: main: ...Initialization of Ocsipersist-dbm complete
Apr 22 14:25:34: main: While parsing config file, tag <host>: No defaulthostname, assuming it is "xps13"
Apr 22 14:25:34: main: Ocsigen has been launched (initialisations ok)
Apr 22 14:25:47: main: Initializing Ocsipersist-dbm...
Apr 22 14:25:47: main: Launching a new Ocsidbm process: /home/adrien/.opam/4.01.0/lib/ocsigenserver/extensions/ocsidbm on directory local/var/data/exercice_de_style/ocsipersist.
Apr 22 14:25:48: main: ...Initialization of Ocsipersist-dbm complete
Apr 22 14:25:48: main: While parsing config file, tag <host>: No defaulthostname, assuming it is "xps13"
Apr 22 14:25:48: main: Ocsigen has been launched (initialisations ok)
Apr 22 14:25:57: main: Initializing Ocsipersist-dbm...
Apr 22 14:25:57: main: Launching a new Ocsidbm process: /home/adrien/.opam/4.01.0/lib/ocsigenserver/extensions/ocsidbm.opt on directory local/var/data/exercice_de_style/ocsipersist.
Apr 22 14:25:58: main: ...Initialization of Ocsipersist-dbm complete
Apr 22 14:25:58: main: While parsing config file, tag <host>: No defaulthostname, assuming it is "xps13"
Apr 22 14:25:58: main: Ocsigen has been launched (initialisations ok)
Apr 22 14:32:55: main: Initializing Ocsipersist-dbm...
Apr 22 14:32:55: main: Launching a new Ocsidbm process: /home/adrien/.opam/4.01.0/lib/ocsigenserver/extensions/ocsidbm.opt on directory local/var/data/exercice_de_style/ocsipersist.
Apr 22 14:32:56: main: ...Initialization of Ocsipersist-dbm complete
Apr 22 14:32:56: main: While parsing config file, tag <host>: No defaulthostname, assuming it is "xps13"
Apr 22 14:32:56: main: Ocsigen has been launched (initialisations ok)
Apr 22 14:35:34: main: Initializing Ocsipersist-dbm...
Apr 22 14:35:34: main: Launching a new Ocsidbm process: /home/adrien/.opam/4.01.0/lib/ocsigenserver/extensions/ocsidbm.opt on directory local/var/data/exercice_de_style/ocsipersist.
Apr 22 14:35:35: main: ...Initialization of Ocsipersist-dbm complete
Apr 22 14:35:35: main: While parsing config file, tag <host>: No defaulthostname, assuming it is "xps13"
Apr 22 14:35:35: main: Ocsigen has been launched (initialisations ok)
Apr 22 14:52:25: main: Initializing Ocsipersist-dbm...
Apr 22 14:52:25: main: Launching a new Ocsidbm process: /home/adrien/.opam/4.01.0/lib/ocsigenserver/extensions/ocsidbm.opt on directory local/var/data/exercice_de_style/ocsipersist.
Apr 22 14:52:26: main: ...Initialization of Ocsipersist-dbm complete
Apr 22 14:52:26: main: While parsing config file, tag <host>: No defaulthostname, assuming it is "xps13"
Apr 22 14:52:26: main: Ocsigen has been launched (initialisations ok)
